<?xml version="1.0" encoding="UTF-8"?>
<!-- Generated by org.testng.reporters.JUnitReportReporter -->
<testsuite hostname="THE_RAIN" name="TestRunner" tests="2" failures="0" timestamp="17 Sep 2019 16:01:48 GMT" time="2.528" errors="0">
  <testcase name="feature" time="0.000" classname="TestRunner"/>
  <testcase name="feature" time="2.528" classname="TestRunner"/>
</testsuite> <!-- TestRunner -->
