<?xml version="1.0" encoding="UTF-8"?>
<!-- Generated by org.testng.reporters.JUnitReportReporter -->
<testsuite hostname="THE_RAIN" name="NewTest1" tests="1" failures="0" timestamp="30 Dec 2017 15:21:02 GMT" time="0.021" errors="0">
  <testcase name="f" time="0.021" classname="NewTest1"/>
</testsuite> <!-- NewTest1 -->
