<?xml version="1.0" encoding="UTF-8"?>
<!-- Generated by org.testng.reporters.JUnitReportReporter -->
<testsuite hostname="THE_RAIN" name="NewTest1" tests="1" failures="0" timestamp="17 Sep 2019 16:39:27 GMT" time="0.016" errors="0">
  <testcase name="f" time="0.016" classname="NewTest1"/>
</testsuite> <!-- NewTest1 -->
